Analysis & Synthesis report for cpu
Tue Oct 22 11:06:06 2019
Quartus Prime Version 18.1.0 Build 625 09/12/2018 SJ Lite Edition


---------------------
; Table of Contents ;
---------------------
  1. Legal Notice
  2. Analysis & Synthesis Summary
  3. Analysis & Synthesis Settings
  4. Parallel Compilation
  5. Analysis & Synthesis Source Files Read
  6. Analysis & Synthesis Resource Usage Summary
  7. Analysis & Synthesis Resource Utilization by Entity
  8. State Machine - |CPU|CTRLUNIT:unidadeControle|current_state
  9. Registers Removed During Synthesis
 10. General Register Statistics
 11. Multiplexer Restructuring Statistics (Restructuring Performed)
 12. Parameter Settings for User Entity Instance: registrador:reg0
 13. Parameter Settings for User Entity Instance: registrador:reg1
 14. Parameter Settings for User Entity Instance: registrador:reg2
 15. Parameter Settings for User Entity Instance: registrador:reg3
 16. Parameter Settings for User Entity Instance: registrador:reg4
 17. Parameter Settings for User Entity Instance: registrador:temp1
 18. Parameter Settings for User Entity Instance: registrador:temp2
 19. Parameter Settings for User Entity Instance: trin:triState0
 20. Parameter Settings for User Entity Instance: trin:triState1
 21. Parameter Settings for User Entity Instance: trin:triState2
 22. Parameter Settings for User Entity Instance: trin:triState3
 23. Parameter Settings for User Entity Instance: trin:triState4
 24. Parameter Settings for User Entity Instance: trin:triAux2
 25. Parameter Settings for User Entity Instance: trin:triUPCODE
 26. Port Connectivity Checks: "trin:triUPCODE"
 27. Post-Synthesis Netlist Statistics for Top Partition
 28. Elapsed Time Per Partition
 29. Analysis & Synthesis Messages



----------------
; Legal Notice ;
----------------
Copyright (C) 2018  Intel Corporation. All rights reserved.
Your use of Intel Corporation's design tools, logic functions 
and other software and tools, and its AMPP partner logic 
functions, and any output files from any of the foregoing 
(including device programming or simulation files), and any 
associated documentation or information are expressly subject 
to the terms and conditions of the Intel Program License 
Subscription Agreement, the Intel Quartus Prime License Agreement,
the Intel FPGA IP License Agreement, or other applicable license
agreement, including, without limitation, that your use is for
the sole purpose of programming logic devices manufactured by
Intel and sold by Intel or its authorized distributors.  Please
refer to the applicable agreement for further details.



+----------------------------------------------------------------------------------+
; Analysis & Synthesis Summary                                                     ;
+------------------------------------+---------------------------------------------+
; Analysis & Synthesis Status        ; Successful - Tue Oct 22 11:06:06 2019       ;
; Quartus Prime Version              ; 18.1.0 Build 625 09/12/2018 SJ Lite Edition ;
; Revision Name                      ; cpu                                         ;
; Top-level Entity Name              ; CPU                                         ;
; Family                             ; Cyclone IV E                                ;
; Total logic elements               ; 265                                         ;
;     Total combinational functions  ; 181                                         ;
;     Dedicated logic registers      ; 137                                         ;
; Total registers                    ; 137                                         ;
; Total pins                         ; 119                                         ;
; Total virtual pins                 ; 0                                           ;
; Total memory bits                  ; 0                                           ;
; Embedded Multiplier 9-bit elements ; 0                                           ;
; Total PLLs                         ; 0                                           ;
+------------------------------------+---------------------------------------------+


+------------------------------------------------------------------------------------------------------------+
; Analysis & Synthesis Settings                                                                              ;
+------------------------------------------------------------------+--------------------+--------------------+
; Option                                                           ; Setting            ; Default Value      ;
+------------------------------------------------------------------+--------------------+--------------------+
; Device                                                           ; EP4CE40F29C7       ;                    ;
; Top-level entity name                                            ; cpu                ; cpu                ;
; Family name                                                      ; Cyclone IV E       ; Cyclone V          ;
; Use smart compilation                                            ; Off                ; Off                ;
; Enable parallel Assembler and Timing Analyzer during compilation ; On                 ; On                 ;
; Enable compact report table                                      ; Off                ; Off                ;
; Restructure Multiplexers                                         ; Auto               ; Auto               ;
; Create Debugging Nodes for IP Cores                              ; Off                ; Off                ;
; Preserve fewer node names                                        ; On                 ; On                 ;
; Intel FPGA IP Evaluation Mode                                    ; Enable             ; Enable             ;
; Verilog Version                                                  ; Verilog_2001       ; Verilog_2001       ;
; VHDL Version                                                     ; VHDL_1993          ; VHDL_1993          ;
; State Machine Processing                                         ; Auto               ; Auto               ;
; Safe State Machine                                               ; Off                ; Off                ;
; Extract Verilog State Machines                                   ; On                 ; On                 ;
; Extract VHDL State Machines                                      ; On                 ; On                 ;
; Ignore Verilog initial constructs                                ; Off                ; Off                ;
; Iteration limit for constant Verilog loops                       ; 5000               ; 5000               ;
; Iteration limit for non-constant Verilog loops                   ; 250                ; 250                ;
; Add Pass-Through Logic to Inferred RAMs                          ; On                 ; On                 ;
; Infer RAMs from Raw Logic                                        ; On                 ; On                 ;
; Parallel Synthesis                                               ; On                 ; On                 ;
; DSP Block Balancing                                              ; Auto               ; Auto               ;
; NOT Gate Push-Back                                               ; On                 ; On                 ;
; Power-Up Don't Care                                              ; On                 ; On                 ;
; Remove Redundant Logic Cells                                     ; Off                ; Off                ;
; Remove Duplicate Registers                                       ; On                 ; On                 ;
; Ignore CARRY Buffers                                             ; Off                ; Off                ;
; Ignore CASCADE Buffers                                           ; Off                ; Off                ;
; Ignore GLOBAL Buffers                                            ; Off                ; Off                ;
; Ignore ROW GLOBAL Buffers                                        ; Off                ; Off                ;
; Ignore LCELL Buffers                                             ; Off                ; Off                ;
; Ignore SOFT Buffers                                              ; On                 ; On                 ;
; Limit AHDL Integers to 32 Bits                                   ; Off                ; Off                ;
; Optimization Technique                                           ; Balanced           ; Balanced           ;
; Carry Chain Length                                               ; 70                 ; 70                 ;
; Auto Carry Chains                                                ; On                 ; On                 ;
; Auto Open-Drain Pins                                             ; On                 ; On                 ;
; Perform WYSIWYG Primitive Resynthesis                            ; Off                ; Off                ;
; Auto ROM Replacement                                             ; On                 ; On                 ;
; Auto RAM Replacement                                             ; On                 ; On                 ;
; Auto DSP Block Replacement                                       ; On                 ; On                 ;
; Auto Shift Register Replacement                                  ; Auto               ; Auto               ;
; Allow Shift Register Merging across Hierarchies                  ; Auto               ; Auto               ;
; Auto Clock Enable Replacement                                    ; On                 ; On                 ;
; Strict RAM Replacement                                           ; Off                ; Off                ;
; Allow Synchronous Control Signals                                ; On                 ; On                 ;
; Force Use of Synchronous Clear Signals                           ; Off                ; Off                ;
; Auto RAM Block Balancing                                         ; On                 ; On                 ;
; Auto RAM to Logic Cell Conversion                                ; Off                ; Off                ;
; Auto Resource Sharing                                            ; Off                ; Off                ;
; Allow Any RAM Size For Recognition                               ; Off                ; Off                ;
; Allow Any ROM Size For Recognition                               ; Off                ; Off                ;
; Allow Any Shift Register Size For Recognition                    ; Off                ; Off                ;
; Use LogicLock Constraints during Resource Balancing              ; On                 ; On                 ;
; Ignore translate_off and synthesis_off directives                ; Off                ; Off                ;
; Timing-Driven Synthesis                                          ; On                 ; On                 ;
; Report Parameter Settings                                        ; On                 ; On                 ;
; Report Source Assignments                                        ; On                 ; On                 ;
; Report Connectivity Checks                                       ; On                 ; On                 ;
; Ignore Maximum Fan-Out Assignments                               ; Off                ; Off                ;
; Synchronization Register Chain Length                            ; 2                  ; 2                  ;
; Power Optimization During Synthesis                              ; Normal compilation ; Normal compilation ;
; HDL message level                                                ; Level2             ; Level2             ;
; Suppress Register Optimization Related Messages                  ; Off                ; Off                ;
; Number of Removed Registers Reported in Synthesis Report         ; 5000               ; 5000               ;
; Number of Swept Nodes Reported in Synthesis Report               ; 5000               ; 5000               ;
; Number of Inverted Registers Reported in Synthesis Report        ; 100                ; 100                ;
; Clock MUX Protection                                             ; On                 ; On                 ;
; Auto Gated Clock Conversion                                      ; Off                ; Off                ;
; Block Design Naming                                              ; Auto               ; Auto               ;
; SDC constraint protection                                        ; Off                ; Off                ;
; Synthesis Effort                                                 ; Auto               ; Auto               ;
; Shift Register Replacement - Allow Asynchronous Clear Signal     ; On                 ; On                 ;
; Pre-Mapping Resynthesis Optimization                             ; Off                ; Off                ;
; Analysis & Synthesis Message Level                               ; Medium             ; Medium             ;
; Disable Register Merging Across Hierarchies                      ; Auto               ; Auto               ;
; Resource Aware Inference For Block RAM                           ; On                 ; On                 ;
+------------------------------------------------------------------+--------------------+--------------------+


+------------------------------------------+
; Parallel Compilation                     ;
+----------------------------+-------------+
; Processors                 ; Number      ;
+----------------------------+-------------+
; Number detected on machine ; 6           ;
; Maximum allowed            ; 6           ;
;                            ;             ;
; Average used               ; 1.00        ;
; Maximum used               ; 6           ;
;                            ;             ;
; Usage by Processor         ; % Time Used ;
;     Processor 1            ; 100.0%      ;
;     Processors 2-6         ;   0.1%      ;
+----------------------------+-------------+


+-------------------------------------------------------------------------------------------------------------------------------------------------------+
; Analysis & Synthesis Source Files Read                                                                                                                ;
+----------------------------------+-----------------+-----------------+----------------------------------------------------------------------+---------+
; File Name with User-Entered Path ; Used in Netlist ; File Type       ; File Name with Absolute Path                                         ; Library ;
+----------------------------------+-----------------+-----------------+----------------------------------------------------------------------+---------+
; triStateBuffer.vhd               ; yes             ; User VHDL File  ; C:/Users/18189084/Downloads/CPU-VHDL-master/cpuv1/triStateBuffer.vhd ;         ;
; ctrlUnit.vhd                     ; yes             ; User VHDL File  ; C:/Users/18189084/Downloads/CPU-VHDL-master/cpuv1/ctrlUnit.vhd       ;         ;
; arqProj.vhd                      ; yes             ; User VHDL File  ; C:/Users/18189084/Downloads/CPU-VHDL-master/cpuv1/arqProj.vhd        ;         ;
; registerMod.vhd                  ; yes             ; User VHDL File  ; C:/Users/18189084/Downloads/CPU-VHDL-master/cpuv1/registerMod.vhd    ;         ;
; cpu.vhd                          ; yes             ; User VHDL File  ; C:/Users/18189084/Downloads/CPU-VHDL-master/cpuv1/cpu.vhd            ;         ;
; components.vhd                   ; yes             ; User VHDL File  ; C:/Users/18189084/Downloads/CPU-VHDL-master/cpuv1/components.vhd     ;         ;
+----------------------------------+-----------------+-----------------+----------------------------------------------------------------------+---------+


+-----------------------------------------------------------+
; Analysis & Synthesis Resource Usage Summary               ;
+---------------------------------------------+-------------+
; Resource                                    ; Usage       ;
+---------------------------------------------+-------------+
; Estimated Total logic elements              ; 265         ;
;                                             ;             ;
; Total combinational functions               ; 181         ;
; Logic element usage by number of LUT inputs ;             ;
;     -- 4 input functions                    ; 112         ;
;     -- 3 input functions                    ; 43          ;
;     -- <=2 input functions                  ; 26          ;
;                                             ;             ;
; Logic elements by mode                      ;             ;
;     -- normal mode                          ; 165         ;
;     -- arithmetic mode                      ; 16          ;
;                                             ;             ;
; Total registers                             ; 137         ;
;     -- Dedicated logic registers            ; 137         ;
;     -- I/O registers                        ; 0           ;
;                                             ;             ;
; I/O pins                                    ; 119         ;
;                                             ;             ;
; Embedded Multiplier 9-bit elements          ; 0           ;
;                                             ;             ;
; Maximum fan-out node                        ; Clock~input ;
; Maximum fan-out                             ; 137         ;
; Total fan-out                               ; 1292        ;
; Average fan-out                             ; 2.32        ;
+---------------------------------------------+-------------+


+-----------------------------------------------------------------------------------------------------------------------------------------------------------------------------------------------------------------------+
; Analysis & Synthesis Resource Utilization by Entity                                                                                                                                                                   ;
+-------------------------------+---------------------+---------------------------+-------------+--------------+---------+-----------+------+--------------+-------------------------------+-------------+--------------+
; Compilation Hierarchy Node    ; Combinational ALUTs ; Dedicated Logic Registers ; Memory Bits ; DSP Elements ; DSP 9x9 ; DSP 18x18 ; Pins ; Virtual Pins ; Full Hierarchy Name           ; Entity Name ; Library Name ;
+-------------------------------+---------------------+---------------------------+-------------+--------------+---------+-----------+------+--------------+-------------------------------+-------------+--------------+
; |CPU                          ; 181 (0)             ; 137 (0)                   ; 0           ; 0            ; 0       ; 0         ; 119  ; 0            ; |CPU                          ; CPU         ; work         ;
;    |CTRLUNIT:unidadeControle| ; 48 (48)             ; 25 (25)                   ; 0           ; 0            ; 0       ; 0         ; 0    ; 0            ; |CPU|CTRLUNIT:unidadeControle ; CTRLUNIT    ; work         ;
;    |projArq:UndLA|            ; 32 (32)             ; 0 (0)                     ; 0           ; 0            ; 0       ; 0         ; 0    ; 0            ; |CPU|projArq:UndLA            ; projArq     ; work         ;
;    |registrador:reg0|         ; 0 (0)               ; 16 (16)                   ; 0           ; 0            ; 0       ; 0         ; 0    ; 0            ; |CPU|registrador:reg0         ; registrador ; work         ;
;    |registrador:reg1|         ; 0 (0)               ; 16 (16)                   ; 0           ; 0            ; 0       ; 0         ; 0    ; 0            ; |CPU|registrador:reg1         ; registrador ; work         ;
;    |registrador:reg2|         ; 0 (0)               ; 16 (16)                   ; 0           ; 0            ; 0       ; 0         ; 0    ; 0            ; |CPU|registrador:reg2         ; registrador ; work         ;
;    |registrador:reg3|         ; 0 (0)               ; 16 (16)                   ; 0           ; 0            ; 0       ; 0         ; 0    ; 0            ; |CPU|registrador:reg3         ; registrador ; work         ;
;    |registrador:reg4|         ; 0 (0)               ; 16 (16)                   ; 0           ; 0            ; 0       ; 0         ; 0    ; 0            ; |CPU|registrador:reg4         ; registrador ; work         ;
;    |registrador:temp1|        ; 0 (0)               ; 16 (16)                   ; 0           ; 0            ; 0       ; 0         ; 0    ; 0            ; |CPU|registrador:temp1        ; registrador ; work         ;
;    |registrador:temp2|        ; 17 (17)             ; 16 (16)                   ; 0           ; 0            ; 0       ; 0         ; 0    ; 0            ; |CPU|registrador:temp2        ; registrador ; work         ;
;    |trin:triState0|           ; 14 (14)             ; 0 (0)                     ; 0           ; 0            ; 0       ; 0         ; 0    ; 0            ; |CPU|trin:triState0           ; trin        ; work         ;
;    |trin:triUPCODE|           ; 70 (70)             ; 0 (0)                     ; 0           ; 0            ; 0       ; 0         ; 0    ; 0            ; |CPU|trin:triUPCODE           ; trin        ; work         ;
+-------------------------------+---------------------+---------------------------+-------------+--------------+---------+-----------+------+--------------+-------------------------------+-------------+--------------+
Note: For table entries with two numbers listed, the numbers in parentheses indicate the number of resources of the given type used by the specific entity alone. The numbers listed outside of parentheses indicate the total resources of the given type used by the specific entity and all of its sub-entities in the hierarchy.


Encoding Type:  One-Hot
+-----------------------------------------------------------------------------------------------------------------------------------------------------------------------------------------------------------------------------+
; State Machine - |CPU|CTRLUNIT:unidadeControle|current_state                                                                                                                                                                 ;
+----------------------+----------------------+----------------------+----------------------+---------------------+---------------------+---------------------+--------------------+-------------------+----------------------+
; Name                 ; current_state.ARITH2 ; current_state.ARITH1 ; current_state.ARITH0 ; current_state.XCHG2 ; current_state.XCHG1 ; current_state.XCHG0 ; current_state.MOVi ; current_state.MOV ; current_state.DECODE ;
+----------------------+----------------------+----------------------+----------------------+---------------------+---------------------+---------------------+--------------------+-------------------+----------------------+
; current_state.DECODE ; 0                    ; 0                    ; 0                    ; 0                   ; 0                   ; 0                   ; 0                  ; 0                 ; 0                    ;
; current_state.MOV    ; 0                    ; 0                    ; 0                    ; 0                   ; 0                   ; 0                   ; 0                  ; 1                 ; 1                    ;
; current_state.MOVi   ; 0                    ; 0                    ; 0                    ; 0                   ; 0                   ; 0                   ; 1                  ; 0                 ; 1                    ;
; current_state.XCHG0  ; 0                    ; 0                    ; 0                    ; 0                   ; 0                   ; 1                   ; 0                  ; 0                 ; 1                    ;
; current_state.XCHG1  ; 0                    ; 0                    ; 0                    ; 0                   ; 1                   ; 0                   ; 0                  ; 0                 ; 1                    ;
; current_state.XCHG2  ; 0                    ; 0                    ; 0                    ; 1                   ; 0                   ; 0                   ; 0                  ; 0                 ; 1                    ;
; current_state.ARITH0 ; 0                    ; 0                    ; 1                    ; 0                   ; 0                   ; 0                   ; 0                  ; 0                 ; 1                    ;
; current_state.ARITH1 ; 0                    ; 1                    ; 0                    ; 0                   ; 0                   ; 0                   ; 0                  ; 0                 ; 1                    ;
; current_state.ARITH2 ; 1                    ; 0                    ; 0                    ; 0                   ; 0                   ; 0                   ; 0                  ; 0                 ; 1                    ;
+----------------------+----------------------+----------------------+----------------------+---------------------+---------------------+---------------------+--------------------+-------------------+----------------------+


+--------------------------------------------------------------------------------+
; Registers Removed During Synthesis                                             ;
+---------------------------------------+----------------------------------------+
; Register name                         ; Reason for Removal                     ;
+---------------------------------------+----------------------------------------+
; CTRLUNIT:unidadeControle|ULA[0]       ; Stuck at GND due to stuck port data_in ;
; Total Number of Removed Registers = 1 ;                                        ;
+---------------------------------------+----------------------------------------+


+------------------------------------------------------+
; General Register Statistics                          ;
+----------------------------------------------+-------+
; Statistic                                    ; Value ;
+----------------------------------------------+-------+
; Total registers                              ; 137   ;
; Number of registers using Synchronous Clear  ; 0     ;
; Number of registers using Synchronous Load   ; 16    ;
; Number of registers using Asynchronous Clear ; 0     ;
; Number of registers using Asynchronous Load  ; 0     ;
; Number of registers using Clock Enable       ; 114   ;
; Number of registers using Preset             ; 0     ;
+----------------------------------------------+-------+


+-------------------------------------------------------------------------------------------------------------------------------------------+
; Multiplexer Restructuring Statistics (Restructuring Performed)                                                                            ;
+--------------------+-----------+---------------+----------------------+------------------------+------------+-----------------------------+
; Multiplexer Inputs ; Bus Width ; Baseline Area ; Area if Restructured ; Saving if Restructured ; Registered ; Example Multiplexer Output  ;
+--------------------+-----------+---------------+----------------------+------------------------+------------+-----------------------------+
; 4:1                ; 16 bits   ; 32 LEs        ; 32 LEs               ; 0 LEs                  ; Yes        ; |CPU|registrador:temp2|Q[3] ;
+--------------------+-----------+---------------+----------------------+------------------------+------------+-----------------------------+


+---------------------------------------------------------------+
; Parameter Settings for User Entity Instance: registrador:reg0 ;
+----------------+-------+--------------------------------------+
; Parameter Name ; Value ; Type                                 ;
+----------------+-------+--------------------------------------+
; n              ; 16    ; Signed Integer                       ;
+----------------+-------+--------------------------------------+
Note: In order to hide this table in the UI and the text report file, please set the "Show Parameter Settings in Synthesis Report" option in "Analysis and Synthesis Settings -> More Settings" to "Off".


+---------------------------------------------------------------+
; Parameter Settings for User Entity Instance: registrador:reg1 ;
+----------------+-------+--------------------------------------+
; Parameter Name ; Value ; Type                                 ;
+----------------+-------+--------------------------------------+
; n              ; 16    ; Signed Integer                       ;
+----------------+-------+--------------------------------------+
Note: In order to hide this table in the UI and the text report file, please set the "Show Parameter Settings in Synthesis Report" option in "Analysis and Synthesis Settings -> More Settings" to "Off".


+---------------------------------------------------------------+
; Parameter Settings for User Entity Instance: registrador:reg2 ;
+----------------+-------+--------------------------------------+
; Parameter Name ; Value ; Type                                 ;
+----------------+-------+--------------------------------------+
; n              ; 16    ; Signed Integer                       ;
+----------------+-------+--------------------------------------+
Note: In order to hide this table in the UI and the text report file, please set the "Show Parameter Settings in Synthesis Report" option in "Analysis and Synthesis Settings -> More Settings" to "Off".


+---------------------------------------------------------------+
; Parameter Settings for User Entity Instance: registrador:reg3 ;
+----------------+-------+--------------------------------------+
; Parameter Name ; Value ; Type                                 ;
+----------------+-------+--------------------------------------+
; n              ; 16    ; Signed Integer                       ;
+----------------+-------+--------------------------------------+
Note: In order to hide this table in the UI and the text report file, please set the "Show Parameter Settings in Synthesis Report" option in "Analysis and Synthesis Settings -> More Settings" to "Off".


+---------------------------------------------------------------+
; Parameter Settings for User Entity Instance: registrador:reg4 ;
+----------------+-------+--------------------------------------+
; Parameter Name ; Value ; Type                                 ;
+----------------+-------+--------------------------------------+
; n              ; 16    ; Signed Integer                       ;
+----------------+-------+--------------------------------------+
Note: In order to hide this table in the UI and the text report file, please set the "Show Parameter Settings in Synthesis Report" option in "Analysis and Synthesis Settings -> More Settings" to "Off".


+----------------------------------------------------------------+
; Parameter Settings for User Entity Instance: registrador:temp1 ;
+----------------+-------+---------------------------------------+
; Parameter Name ; Value ; Type                                  ;
+----------------+-------+---------------------------------------+
; n              ; 16    ; Signed Integer                        ;
+----------------+-------+---------------------------------------+
Note: In order to hide this table in the UI and the text report file, please set the "Show Parameter Settings in Synthesis Report" option in "Analysis and Synthesis Settings -> More Settings" to "Off".


+----------------------------------------------------------------+
; Parameter Settings for User Entity Instance: registrador:temp2 ;
+----------------+-------+---------------------------------------+
; Parameter Name ; Value ; Type                                  ;
+----------------+-------+---------------------------------------+
; n              ; 16    ; Signed Integer                        ;
+----------------+-------+---------------------------------------+
Note: In order to hide this table in the UI and the text report file, please set the "Show Parameter Settings in Synthesis Report" option in "Analysis and Synthesis Settings -> More Settings" to "Off".


+-------------------------------------------------------------+
; Parameter Settings for User Entity Instance: trin:triState0 ;
+----------------+-------+------------------------------------+
; Parameter Name ; Value ; Type                               ;
+----------------+-------+------------------------------------+
; n              ; 16    ; Signed Integer                     ;
+----------------+-------+------------------------------------+
Note: In order to hide this table in the UI and the text report file, please set the "Show Parameter Settings in Synthesis Report" option in "Analysis and Synthesis Settings -> More Settings" to "Off".


+-------------------------------------------------------------+
; Parameter Settings for User Entity Instance: trin:triState1 ;
+----------------+-------+------------------------------------+
; Parameter Name ; Value ; Type                               ;
+----------------+-------+------------------------------------+
; n              ; 16    ; Signed Integer                     ;
+----------------+-------+------------------------------------+
Note: In order to hide this table in the UI and the text report file, please set the "Show Parameter Settings in Synthesis Report" option in "Analysis and Synthesis Settings -> More Settings" to "Off".


+-------------------------------------------------------------+
; Parameter Settings for User Entity Instance: trin:triState2 ;
+----------------+-------+------------------------------------+
; Parameter Name ; Value ; Type                               ;
+----------------+-------+------------------------------------+
; n              ; 16    ; Signed Integer                     ;
+----------------+-------+------------------------------------+
Note: In order to hide this table in the UI and the text report file, please set the "Show Parameter Settings in Synthesis Report" option in "Analysis and Synthesis Settings -> More Settings" to "Off".


+-------------------------------------------------------------+
; Parameter Settings for User Entity Instance: trin:triState3 ;
+----------------+-------+------------------------------------+
; Parameter Name ; Value ; Type                               ;
+----------------+-------+------------------------------------+
; n              ; 16    ; Signed Integer                     ;
+----------------+-------+------------------------------------+
Note: In order to hide this table in the UI and the text report file, please set the "Show Parameter Settings in Synthesis Report" option in "Analysis and Synthesis Settings -> More Settings" to "Off".


+-------------------------------------------------------------+
; Parameter Settings for User Entity Instance: trin:triState4 ;
+----------------+-------+------------------------------------+
; Parameter Name ; Value ; Type                               ;
+----------------+-------+------------------------------------+
; n              ; 16    ; Signed Integer                     ;
+----------------+-------+------------------------------------+
Note: In order to hide this table in the UI and the text report file, please set the "Show Parameter Settings in Synthesis Report" option in "Analysis and Synthesis Settings -> More Settings" to "Off".


+-----------------------------------------------------------+
; Parameter Settings for User Entity Instance: trin:triAux2 ;
+----------------+-------+----------------------------------+
; Parameter Name ; Value ; Type                             ;
+----------------+-------+----------------------------------+
; n              ; 16    ; Signed Integer                   ;
+----------------+-------+----------------------------------+
Note: In order to hide this table in the UI and the text report file, please set the "Show Parameter Settings in Synthesis Report" option in "Analysis and Synthesis Settings -> More Settings" to "Off".


+-------------------------------------------------------------+
; Parameter Settings for User Entity Instance: trin:triUPCODE ;
+----------------+-------+------------------------------------+
; Parameter Name ; Value ; Type                               ;
+----------------+-------+------------------------------------+
; n              ; 16    ; Signed Integer                     ;
+----------------+-------+------------------------------------+
Note: In order to hide this table in the UI and the text report file, please set the "Show Parameter Settings in Synthesis Report" option in "Analysis and Synthesis Settings -> More Settings" to "Off".


+--------------------------------------------+
; Port Connectivity Checks: "trin:triUPCODE" ;
+----------+-------+----------+--------------+
; Port     ; Type  ; Severity ; Details      ;
+----------+-------+----------+--------------+
; x[15..2] ; Input ; Info     ; Stuck at GND ;
+----------+-------+----------+--------------+


+-----------------------------------------------------+
; Post-Synthesis Netlist Statistics for Top Partition ;
+-----------------------+-----------------------------+
; Type                  ; Count                       ;
+-----------------------+-----------------------------+
; boundary_port         ; 119                         ;
; cycloneiii_ff         ; 137                         ;
;     ENA               ; 98                          ;
;     ENA SLD           ; 16                          ;
;     plain             ; 23                          ;
; cycloneiii_io_obuf    ; 16                          ;
; cycloneiii_lcell_comb ; 182                         ;
;     arith             ; 16                          ;
;         2 data inputs ; 1                           ;
;         3 data inputs ; 15                          ;
;     normal            ; 166                         ;
;         0 data inputs ; 1                           ;
;         2 data inputs ; 25                          ;
;         3 data inputs ; 28                          ;
;         4 data inputs ; 112                         ;
;                       ;                             ;
; Max LUT depth         ; 5.50                        ;
; Average LUT depth     ; 3.85                        ;
+-----------------------+-----------------------------+


+-------------------------------+
; Elapsed Time Per Partition    ;
+----------------+--------------+
; Partition Name ; Elapsed Time ;
+----------------+--------------+
; Top            ; 00:00:02     ;
+----------------+--------------+


+-------------------------------+
; Analysis & Synthesis Messages ;
+-------------------------------+
Info: *******************************************************************
Info: Running Quartus Prime Analysis & Synthesis
    Info: Version 18.1.0 Build 625 09/12/2018 SJ Lite Edition
    Info: Processing started: Tue Oct 22 11:05:25 2019
Info: Command: quartus_map --read_settings_files=on --write_settings_files=off cpu -c cpu
Warning (18236): Number of processors has not been specified which may cause overloading on shared machines.  Set the global assignment NUM_PARALLEL_PROCESSORS in your QSF to an appropriate value for best performance.
Info (20030): Parallel compilation is enabled and will use 6 of the 6 processors detected
Info (12021): Found 2 design units, including 1 entities, in source file tristatebuffer.vhd
    Info (12022): Found design unit 1: trin-Behavior File: C:/Users/18189084/Downloads/CPU-VHDL-master/cpuv1/triStateBuffer.vhd Line: 19
    Info (12023): Found entity 1: trin File: C:/Users/18189084/Downloads/CPU-VHDL-master/cpuv1/triStateBuffer.vhd Line: 6
Info (12021): Found 2 design units, including 1 entities, in source file ctrlunit.vhd
    Info (12022): Found design unit 1: CTRLUNIT-Behavior File: C:/Users/18189084/Downloads/CPU-VHDL-master/cpuv1/ctrlUnit.vhd Line: 20
    Info (12023): Found entity 1: CTRLUNIT File: C:/Users/18189084/Downloads/CPU-VHDL-master/cpuv1/ctrlUnit.vhd Line: 5
Info (12021): Found 2 design units, including 1 entities, in source file arqproj.vhd
    Info (12022): Found design unit 1: projArq-ula File: C:/Users/18189084/Downloads/CPU-VHDL-master/cpuv1/arqProj.vhd Line: 14
    Info (12023): Found entity 1: projArq File: C:/Users/18189084/Downloads/CPU-VHDL-master/cpuv1/arqProj.vhd Line: 6
Info (12021): Found 2 design units, including 1 entities, in source file registermod.vhd
    Info (12022): Found design unit 1: registrador-Behavior File: C:/Users/18189084/Downloads/CPU-VHDL-master/cpuv1/registerMod.vhd Line: 12
    Info (12023): Found entity 1: registrador File: C:/Users/18189084/Downloads/CPU-VHDL-master/cpuv1/registerMod.vhd Line: 4
Info (12021): Found 2 design units, including 1 entities, in source file cpu.vhd
    Info (12022): Found design unit 1: CPU-Behavior File: C:/Users/18189084/Downloads/CPU-VHDL-master/cpuv1/cpu.vhd Line: 29
    Info (12023): Found entity 1: CPU File: C:/Users/18189084/Downloads/CPU-VHDL-master/cpuv1/cpu.vhd Line: 6
Info (12021): Found 1 design units, including 0 entities, in source file components.vhd
    Info (12022): Found design unit 1: components File: C:/Users/18189084/Downloads/CPU-VHDL-master/cpuv1/components.vhd Line: 5
Info (12127): Elaborating entity "cpu" for the top level hierarchy
Warning (10541): VHDL Signal Declaration warning at cpu.vhd(13): used implicit default value for signal "Li" because signal was never assigned a value or an explicit default value. Use of implicit default value may introduce unintended design optimizations. File: C:/Users/18189084/Downloads/CPU-VHDL-master/cpuv1/cpu.vhd Line: 13
Info (12128): Elaborating entity "CTRLUNIT" for hierarchy "CTRLUNIT:unidadeControle" File: C:/Users/18189084/Downloads/CPU-VHDL-master/cpuv1/cpu.vhd Line: 51
Info (12128): Elaborating entity "registrador" for hierarchy "registrador:reg0" File: C:/Users/18189084/Downloads/CPU-VHDL-master/cpuv1/cpu.vhd Line: 53
Info (12128): Elaborating entity "trin" for hierarchy "trin:triState0" File: C:/Users/18189084/Downloads/CPU-VHDL-master/cpuv1/cpu.vhd Line: 79
Info (12128): Elaborating entity "projArq" for hierarchy "projArq:UndLA" File: C:/Users/18189084/Downloads/CPU-VHDL-master/cpuv1/cpu.vhd Line: 90
Warning (13046): Tri-state node(s) do not directly drive top-level pin(s)
    Warning (13047): Converted the fan-out from the tri-state buffer "trin:triState0|F[0]" to the node "projArq:UndLA|ula_out" into an OR gate File: C:/Users/18189084/Downloads/CPU-VHDL-master/cpuv1/triStateBuffer.vhd Line: 13
    Warning (13047): Converted the fan-out from the tri-state buffer "trin:triState0|F[1]" to the node "projArq:UndLA|ula_out" into an OR gate File: C:/Users/18189084/Downloads/CPU-VHDL-master/cpuv1/triStateBuffer.vhd Line: 13
    Warning (13047): Converted the fan-out from the tri-state buffer "trin:triUPCODE|F[2]" to the node "projArq:UndLA|ula_out" into an OR gate File: C:/Users/18189084/Downloads/CPU-VHDL-master/cpuv1/triStateBuffer.vhd Line: 13
    Warning (13047): Converted the fan-out from the tri-state buffer "trin:triUPCODE|F[3]" to the node "projArq:UndLA|ula_out" into an OR gate File: C:/Users/18189084/Downloads/CPU-VHDL-master/cpuv1/triStateBuffer.vhd Line: 13
    Warning (13047): Converted the fan-out from the tri-state buffer "trin:triUPCODE|F[4]" to the node "projArq:UndLA|ula_out" into an OR gate File: C:/Users/18189084/Downloads/CPU-VHDL-master/cpuv1/triStateBuffer.vhd Line: 13
    Warning (13047): Converted the fan-out from the tri-state buffer "trin:triUPCODE|F[5]" to the node "projArq:UndLA|ula_out" into an OR gate File: C:/Users/18189084/Downloads/CPU-VHDL-master/cpuv1/triStateBuffer.vhd Line: 13
    Warning (13047): Converted the fan-out from the tri-state buffer "trin:triUPCODE|F[6]" to the node "projArq:UndLA|ula_out" into an OR gate File: C:/Users/18189084/Downloads/CPU-VHDL-master/cpuv1/triStateBuffer.vhd Line: 13
    Warning (13047): Converted the fan-out from the tri-state buffer "trin:triUPCODE|F[7]" to the node "projArq:UndLA|ula_out" into an OR gate File: C:/Users/18189084/Downloads/CPU-VHDL-master/cpuv1/triStateBuffer.vhd Line: 13
    Warning (13047): Converted the fan-out from the tri-state buffer "trin:triUPCODE|F[8]" to the node "projArq:UndLA|ula_out" into an OR gate File: C:/Users/18189084/Downloads/CPU-VHDL-master/cpuv1/triStateBuffer.vhd Line: 13
    Warning (13047): Converted the fan-out from the tri-state buffer "trin:triUPCODE|F[9]" to the node "projArq:UndLA|ula_out" into an OR gate File: C:/Users/18189084/Downloads/CPU-VHDL-master/cpuv1/triStateBuffer.vhd Line: 13
    Warning (13047): Converted the fan-out from the tri-state buffer "trin:triUPCODE|F[10]" to the node "projArq:UndLA|ula_out" into an OR gate File: C:/Users/18189084/Downloads/CPU-VHDL-master/cpuv1/triStateBuffer.vhd Line: 13
    Warning (13047): Converted the fan-out from the tri-state buffer "trin:triUPCODE|F[11]" to the node "projArq:UndLA|ula_out" into an OR gate File: C:/Users/18189084/Downloads/CPU-VHDL-master/cpuv1/triStateBuffer.vhd Line: 13
    Warning (13047): Converted the fan-out from the tri-state buffer "trin:triUPCODE|F[12]" to the node "projArq:UndLA|ula_out" into an OR gate File: C:/Users/18189084/Downloads/CPU-VHDL-master/cpuv1/triStateBuffer.vhd Line: 13
    Warning (13047): Converted the fan-out from the tri-state buffer "trin:triUPCODE|F[13]" to the node "projArq:UndLA|ula_out" into an OR gate File: C:/Users/18189084/Downloads/CPU-VHDL-master/cpuv1/triStateBuffer.vhd Line: 13
    Warning (13047): Converted the fan-out from the tri-state buffer "trin:triUPCODE|F[14]" to the node "projArq:UndLA|ula_out" into an OR gate File: C:/Users/18189084/Downloads/CPU-VHDL-master/cpuv1/triStateBuffer.vhd Line: 13
    Warning (13047): Converted the fan-out from the tri-state buffer "trin:triUPCODE|F[15]" to the node "projArq:UndLA|ula_out" into an OR gate File: C:/Users/18189084/Downloads/CPU-VHDL-master/cpuv1/triStateBuffer.vhd Line: 13
Warning (13024): Output pins are stuck at VCC or GND
    Warning (13410): Pin "Li" is stuck at GND File: C:/Users/18189084/Downloads/CPU-VHDL-master/cpuv1/cpu.vhd Line: 13
    Warning (13410): Pin "ULA[0]" is stuck at GND File: C:/Users/18189084/Downloads/CPU-VHDL-master/cpuv1/cpu.vhd Line: 14
Info (286030): Timing-Driven Synthesis is running
Info (16010): Generating hard_block partition "hard_block:auto_generated_inst"
    Info (16011): Adding 0 node(s), including 0 DDIO, 0 PLL, 0 transceiver and 0 LCELL
Info (21057): Implemented 400 device resources after synthesis - the final resource count might be different
    Info (21058): Implemented 9 input pins
    Info (21059): Implemented 110 output pins
    Info (21061): Implemented 281 logic cells
Info: Quartus Prime Analysis & Synthesis was successful. 0 errors, 22 warnings
    Info: Peak virtual memory: 4861 megabytes
    Info: Processing ended: Tue Oct 22 11:06:06 2019
    Info: Elapsed time: 00:00:41
    Info: Total CPU time (on all processors): 00:00:41


