Flow report for cpu
Tue Oct 22 11:38:40 2019
Quartus Prime Version 18.1.0 Build 625 09/12/2018 SJ Lite Edition


---------------------
; Table of Contents ;
---------------------
  1. Legal Notice
  2. Flow Summary
  3. Flow Settings
  4. Flow Non-Default Global Settings
  5. Flow Elapsed Time
  6. Flow OS Summary
  7. Flow Log
  8. Flow Messages
  9. Flow Suppressed Messages



----------------
; Legal Notice ;
----------------
Copyright (C) 2018  Intel Corporation. All rights reserved.
Your use of Intel Corporation's design tools, logic functions 
and other software and tools, and its AMPP partner logic 
functions, and any output files from any of the foregoing 
(including device programming or simulation files), and any 
associated documentation or information are expressly subject 
to the terms and conditions of the Intel Program License 
Subscription Agreement, the Intel Quartus Prime License Agreement,
the Intel FPGA IP License Agreement, or other applicable license
agreement, including, without limitation, that your use is for
the sole purpose of programming logic devices manufactured by
Intel and sold by Intel or its authorized distributors.  Please
refer to the applicable agreement for further details.



+----------------------------------------------------------------------------------+
; Flow Summary                                                                     ;
+------------------------------------+---------------------------------------------+
; Flow Status                        ; Successful - Tue Oct 22 11:38:40 2019       ;
; Quartus Prime Version              ; 18.1.0 Build 625 09/12/2018 SJ Lite Edition ;
; Revision Name                      ; cpu                                         ;
; Top-level Entity Name              ; CPU                                         ;
; Family                             ; Cyclone IV E                                ;
; Device                             ; EP4CE40F29C7                                ;
; Timing Models                      ; Final                                       ;
; Total logic elements               ; 221 / 39,600 ( < 1 % )                      ;
;     Total combinational functions  ; 181 / 39,600 ( < 1 % )                      ;
;     Dedicated logic registers      ; 137 / 39,600 ( < 1 % )                      ;
; Total registers                    ; 137                                         ;
; Total pins                         ; 119 / 533 ( 22 % )                          ;
; Total virtual pins                 ; 0                                           ;
; Total memory bits                  ; 0 / 1,161,216 ( 0 % )                       ;
; Embedded Multiplier 9-bit elements ; 0 / 232 ( 0 % )                             ;
; Total PLLs                         ; 0 / 4 ( 0 % )                               ;
+------------------------------------+---------------------------------------------+


+-----------------------------------------+
; Flow Settings                           ;
+-------------------+---------------------+
; Option            ; Setting             ;
+-------------------+---------------------+
; Start date & time ; 10/22/2019 11:05:27 ;
; Main task         ; Compilation         ;
; Revision Name     ; cpu                 ;
+-------------------+---------------------+


+-----------------------------------------------------------------------------------------------------------------------------+
; Flow Non-Default Global Settings                                                                                            ;
+-------------------------------------+----------------------------------------+---------------+-------------+----------------+
; Assignment Name                     ; Value                                  ; Default Value ; Entity Name ; Section Id     ;
+-------------------------------------+----------------------------------------+---------------+-------------+----------------+
; COMPILER_SIGNATURE_ID               ; 10995770589188.157175312612700         ; --            ; --          ; --             ;
; EDA_OUTPUT_DATA_FORMAT              ; Vhdl                                   ; --            ; --          ; eda_simulation ;
; EDA_SIMULATION_TOOL                 ; ModelSim (VHDL)                        ; <None>        ; --          ; --             ;
; EDA_TIME_SCALE                      ; 1 ps                                   ; --            ; --          ; eda_simulation ;
; MAX_CORE_JUNCTION_TEMP              ; 85                                     ; --            ; --          ; --             ;
; MIN_CORE_JUNCTION_TEMP              ; 0                                      ; --            ; --          ; --             ;
; NOMINAL_CORE_SUPPLY_VOLTAGE         ; 1.2V                                   ; --            ; --          ; --             ;
; PARTITION_COLOR                     ; -- (Not supported for targeted family) ; --            ; --          ; Top            ;
; PARTITION_FITTER_PRESERVATION_LEVEL ; -- (Not supported for targeted family) ; --            ; --          ; Top            ;
; PARTITION_NETLIST_TYPE              ; -- (Not supported for targeted family) ; --            ; --          ; Top            ;
; POWER_BOARD_THERMAL_MODEL           ; None (CONSERVATIVE)                    ; --            ; --          ; --             ;
; POWER_PRESET_COOLING_SOLUTION       ; 23 MM HEAT SINK WITH 200 LFPM AIRFLOW  ; --            ; --          ; --             ;
; PROJECT_OUTPUT_DIRECTORY            ; output_files                           ; --            ; --          ; --             ;
+-------------------------------------+----------------------------------------+---------------+-------------+----------------+


+--------------------------------------------------------------------------------------------------------------------------+
; Flow Elapsed Time                                                                                                        ;
+----------------------+--------------+-------------------------+---------------------+------------------------------------+
; Module Name          ; Elapsed Time ; Average Processors Used ; Peak Virtual Memory ; Total CPU Time (on all processors) ;
+----------------------+--------------+-------------------------+---------------------+------------------------------------+
; Analysis & Synthesis ; 00:00:37     ; 1.0                     ; 4861 MB             ; 00:00:40                           ;
; Fitter               ; 00:00:32     ; 1.1                     ; 5804 MB             ; 00:00:19                           ;
; Assembler            ; 00:00:02     ; 1.0                     ; 4717 MB             ; 00:00:02                           ;
; Timing Analyzer      ; 00:00:06     ; 1.0                     ; 4860 MB             ; 00:00:03                           ;
; EDA Netlist Writer   ; 00:00:02     ; 1.0                     ; 4691 MB             ; 00:00:02                           ;
; EDA Netlist Writer   ; 00:00:01     ; 1.0                     ; 4666 MB             ; 00:00:01                           ;
; EDA Netlist Writer   ; 00:00:02     ; 1.0                     ; 4666 MB             ; 00:00:01                           ;
; EDA Netlist Writer   ; 00:00:02     ; 1.0                     ; 4677 MB             ; 00:00:01                           ;
; EDA Netlist Writer   ; 00:00:01     ; 1.0                     ; 4666 MB             ; 00:00:01                           ;
; EDA Netlist Writer   ; 00:00:02     ; 1.0                     ; 4666 MB             ; 00:00:01                           ;
; EDA Netlist Writer   ; 00:00:02     ; 1.0                     ; 4677 MB             ; 00:00:01                           ;
; EDA Netlist Writer   ; 00:00:02     ; 1.0                     ; 4666 MB             ; 00:00:01                           ;
; EDA Netlist Writer   ; 00:00:02     ; 1.0                     ; 4667 MB             ; 00:00:01                           ;
; EDA Netlist Writer   ; 00:00:02     ; 1.0                     ; 4675 MB             ; 00:00:01                           ;
; EDA Netlist Writer   ; 00:00:02     ; 1.0                     ; 4666 MB             ; 00:00:01                           ;
; EDA Netlist Writer   ; 00:00:01     ; 1.0                     ; 4666 MB             ; 00:00:01                           ;
; EDA Netlist Writer   ; 00:00:02     ; 1.0                     ; 4675 MB             ; 00:00:01                           ;
; EDA Netlist Writer   ; 00:00:02     ; 1.0                     ; 4666 MB             ; 00:00:01                           ;
; EDA Netlist Writer   ; 00:00:01     ; 1.0                     ; 4666 MB             ; 00:00:01                           ;
; EDA Netlist Writer   ; 00:00:02     ; 1.0                     ; 4678 MB             ; 00:00:01                           ;
; EDA Netlist Writer   ; 00:00:01     ; 1.0                     ; 4666 MB             ; 00:00:01                           ;
; EDA Netlist Writer   ; 00:00:01     ; 1.0                     ; 4666 MB             ; 00:00:01                           ;
; EDA Netlist Writer   ; 00:00:01     ; 1.0                     ; 4678 MB             ; 00:00:01                           ;
; EDA Netlist Writer   ; 00:00:02     ; 1.0                     ; 4666 MB             ; 00:00:01                           ;
; EDA Netlist Writer   ; 00:00:01     ; 1.0                     ; 4666 MB             ; 00:00:01                           ;
; EDA Netlist Writer   ; 00:00:01     ; 1.0                     ; 4675 MB             ; 00:00:01                           ;
; EDA Netlist Writer   ; 00:00:01     ; 1.0                     ; 4666 MB             ; 00:00:01                           ;
; EDA Netlist Writer   ; 00:00:01     ; 1.0                     ; 4666 MB             ; 00:00:01                           ;
; EDA Netlist Writer   ; 00:00:01     ; 1.0                     ; 4675 MB             ; 00:00:01                           ;
; EDA Netlist Writer   ; 00:00:01     ; 1.0                     ; 4667 MB             ; 00:00:01                           ;
; EDA Netlist Writer   ; 00:00:01     ; 1.0                     ; 4666 MB             ; 00:00:01                           ;
; EDA Netlist Writer   ; 00:00:01     ; 1.0                     ; 4675 MB             ; 00:00:01                           ;
; EDA Netlist Writer   ; 00:00:02     ; 1.0                     ; 4666 MB             ; 00:00:01                           ;
; EDA Netlist Writer   ; 00:00:02     ; 1.0                     ; 4666 MB             ; 00:00:01                           ;
; EDA Netlist Writer   ; 00:00:02     ; 1.0                     ; 4675 MB             ; 00:00:01                           ;
; EDA Netlist Writer   ; 00:00:02     ; 1.0                     ; 4666 MB             ; 00:00:01                           ;
; EDA Netlist Writer   ; 00:00:01     ; 1.0                     ; 4666 MB             ; 00:00:01                           ;
; EDA Netlist Writer   ; 00:00:01     ; 1.0                     ; 4675 MB             ; 00:00:01                           ;
; EDA Netlist Writer   ; 00:00:01     ; 1.0                     ; 4667 MB             ; 00:00:01                           ;
; EDA Netlist Writer   ; 00:00:01     ; 1.0                     ; 4666 MB             ; 00:00:01                           ;
; EDA Netlist Writer   ; 00:00:01     ; 1.0                     ; 4677 MB             ; 00:00:01                           ;
; EDA Netlist Writer   ; 00:00:01     ; 1.0                     ; 4666 MB             ; 00:00:01                           ;
; EDA Netlist Writer   ; 00:00:01     ; 1.0                     ; 4667 MB             ; 00:00:01                           ;
; EDA Netlist Writer   ; 00:00:01     ; 1.0                     ; 4675 MB             ; 00:00:01                           ;
; EDA Netlist Writer   ; 00:00:01     ; 1.0                     ; 4666 MB             ; 00:00:01                           ;
; EDA Netlist Writer   ; 00:00:01     ; 1.0                     ; 4667 MB             ; 00:00:01                           ;
; EDA Netlist Writer   ; 00:00:01     ; 1.0                     ; 4677 MB             ; 00:00:01                           ;
; EDA Netlist Writer   ; 00:00:01     ; 1.0                     ; 4666 MB             ; 00:00:01                           ;
; EDA Netlist Writer   ; 00:00:02     ; 1.0                     ; 4666 MB             ; 00:00:01                           ;
; EDA Netlist Writer   ; 00:00:02     ; 1.0                     ; 4677 MB             ; 00:00:01                           ;
; EDA Netlist Writer   ; 00:00:01     ; 1.0                     ; 4666 MB             ; 00:00:01                           ;
; EDA Netlist Writer   ; 00:00:02     ; 1.0                     ; 4666 MB             ; 00:00:01                           ;
; EDA Netlist Writer   ; 00:00:02     ; 1.0                     ; 4677 MB             ; 00:00:01                           ;
; EDA Netlist Writer   ; 00:00:01     ; 1.0                     ; 4666 MB             ; 00:00:01                           ;
; EDA Netlist Writer   ; 00:00:01     ; 1.0                     ; 4666 MB             ; 00:00:01                           ;
; EDA Netlist Writer   ; 00:00:02     ; 1.0                     ; 4677 MB             ; 00:00:01                           ;
; EDA Netlist Writer   ; 00:00:01     ; 1.0                     ; 4667 MB             ; 00:00:01                           ;
; EDA Netlist Writer   ; 00:00:01     ; 1.0                     ; 4666 MB             ; 00:00:01                           ;
; EDA Netlist Writer   ; 00:00:01     ; 1.0                     ; 4677 MB             ; 00:00:01                           ;
; EDA Netlist Writer   ; 00:00:02     ; 1.0                     ; 4667 MB             ; 00:00:01                           ;
; EDA Netlist Writer   ; 00:00:01     ; 1.0                     ; 4666 MB             ; 00:00:01                           ;
; EDA Netlist Writer   ; 00:00:02     ; 1.0                     ; 4675 MB             ; 00:00:01                           ;
; Total                ; 00:02:39     ; --                      ; --                  ; 00:02:03                           ;
+----------------------+--------------+-------------------------+---------------------+------------------------------------+


+------------------------------------------------------------------------------------+
; Flow OS Summary                                                                    ;
+----------------------+------------------+------------+------------+----------------+
; Module Name          ; Machine Hostname ; OS Name    ; OS Version ; Processor type ;
+----------------------+------------------+------------+------------+----------------+
; Analysis & Synthesis ; p300689          ; Windows 10 ; 10.0       ; x86_64         ;
; Fitter               ; p300689          ; Windows 10 ; 10.0       ; x86_64         ;
; Assembler            ; p300689          ; Windows 10 ; 10.0       ; x86_64         ;
; Timing Analyzer      ; p300689          ; Windows 10 ; 10.0       ; x86_64         ;
; EDA Netlist Writer   ; p300689          ; Windows 10 ; 10.0       ; x86_64         ;
; EDA Netlist Writer   ; p300689          ; Windows 10 ; 10.0       ; x86_64         ;
; EDA Netlist Writer   ; p300689          ; Windows 10 ; 10.0       ; x86_64         ;
; EDA Netlist Writer   ; p300689          ; Windows 10 ; 10.0       ; x86_64         ;
; EDA Netlist Writer   ; p300689          ; Windows 10 ; 10.0       ; x86_64         ;
; EDA Netlist Writer   ; p300689          ; Windows 10 ; 10.0       ; x86_64         ;
; EDA Netlist Writer   ; p300689          ; Windows 10 ; 10.0       ; x86_64         ;
; EDA Netlist Writer   ; p300689          ; Windows 10 ; 10.0       ; x86_64         ;
; EDA Netlist Writer   ; p300689          ; Windows 10 ; 10.0       ; x86_64         ;
; EDA Netlist Writer   ; p300689          ; Windows 10 ; 10.0       ; x86_64         ;
; EDA Netlist Writer   ; p300689          ; Windows 10 ; 10.0       ; x86_64         ;
; EDA Netlist Writer   ; p300689          ; Windows 10 ; 10.0       ; x86_64         ;
; EDA Netlist Writer   ; p300689          ; Windows 10 ; 10.0       ; x86_64         ;
; EDA Netlist Writer   ; p300689          ; Windows 10 ; 10.0       ; x86_64         ;
; EDA Netlist Writer   ; p300689          ; Windows 10 ; 10.0       ; x86_64         ;
; EDA Netlist Writer   ; p300689          ; Windows 10 ; 10.0       ; x86_64         ;
; EDA Netlist Writer   ; p300689          ; Windows 10 ; 10.0       ; x86_64         ;
; EDA Netlist Writer   ; p300689          ; Windows 10 ; 10.0       ; x86_64         ;
; EDA Netlist Writer   ; p300689          ; Windows 10 ; 10.0       ; x86_64         ;
; EDA Netlist Writer   ; p300689          ; Windows 10 ; 10.0       ; x86_64         ;
; EDA Netlist Writer   ; p300689          ; Windows 10 ; 10.0       ; x86_64         ;
; EDA Netlist Writer   ; p300689          ; Windows 10 ; 10.0       ; x86_64         ;
; EDA Netlist Writer   ; p300689          ; Windows 10 ; 10.0       ; x86_64         ;
; EDA Netlist Writer   ; p300689          ; Windows 10 ; 10.0       ; x86_64         ;
; EDA Netlist Writer   ; p300689          ; Windows 10 ; 10.0       ; x86_64         ;
; EDA Netlist Writer   ; p300689          ; Windows 10 ; 10.0       ; x86_64         ;
; EDA Netlist Writer   ; p300689          ; Windows 10 ; 10.0       ; x86_64         ;
; EDA Netlist Writer   ; p300689          ; Windows 10 ; 10.0       ; x86_64         ;
; EDA Netlist Writer   ; p300689          ; Windows 10 ; 10.0       ; x86_64         ;
; EDA Netlist Writer   ; p300689          ; Windows 10 ; 10.0       ; x86_64         ;
; EDA Netlist Writer   ; p300689          ; Windows 10 ; 10.0       ; x86_64         ;
; EDA Netlist Writer   ; p300689          ; Windows 10 ; 10.0       ; x86_64         ;
; EDA Netlist Writer   ; p300689          ; Windows 10 ; 10.0       ; x86_64         ;
; EDA Netlist Writer   ; p300689          ; Windows 10 ; 10.0       ; x86_64         ;
; EDA Netlist Writer   ; p300689          ; Windows 10 ; 10.0       ; x86_64         ;
; EDA Netlist Writer   ; p300689          ; Windows 10 ; 10.0       ; x86_64         ;
; EDA Netlist Writer   ; p300689          ; Windows 10 ; 10.0       ; x86_64         ;
; EDA Netlist Writer   ; p300689          ; Windows 10 ; 10.0       ; x86_64         ;
; EDA Netlist Writer   ; p300689          ; Windows 10 ; 10.0       ; x86_64         ;
; EDA Netlist Writer   ; p300689          ; Windows 10 ; 10.0       ; x86_64         ;
; EDA Netlist Writer   ; p300689          ; Windows 10 ; 10.0       ; x86_64         ;
; EDA Netlist Writer   ; p300689          ; Windows 10 ; 10.0       ; x86_64         ;
; EDA Netlist Writer   ; p300689          ; Windows 10 ; 10.0       ; x86_64         ;
; EDA Netlist Writer   ; p300689          ; Windows 10 ; 10.0       ; x86_64         ;
; EDA Netlist Writer   ; p300689          ; Windows 10 ; 10.0       ; x86_64         ;
; EDA Netlist Writer   ; p300689          ; Windows 10 ; 10.0       ; x86_64         ;
; EDA Netlist Writer   ; p300689          ; Windows 10 ; 10.0       ; x86_64         ;
; EDA Netlist Writer   ; p300689          ; Windows 10 ; 10.0       ; x86_64         ;
; EDA Netlist Writer   ; p300689          ; Windows 10 ; 10.0       ; x86_64         ;
; EDA Netlist Writer   ; p300689          ; Windows 10 ; 10.0       ; x86_64         ;
; EDA Netlist Writer   ; p300689          ; Windows 10 ; 10.0       ; x86_64         ;
; EDA Netlist Writer   ; p300689          ; Windows 10 ; 10.0       ; x86_64         ;
; EDA Netlist Writer   ; p300689          ; Windows 10 ; 10.0       ; x86_64         ;
; EDA Netlist Writer   ; p300689          ; Windows 10 ; 10.0       ; x86_64         ;
; EDA Netlist Writer   ; p300689          ; Windows 10 ; 10.0       ; x86_64         ;
; EDA Netlist Writer   ; p300689          ; Windows 10 ; 10.0       ; x86_64         ;
; EDA Netlist Writer   ; p300689          ; Windows 10 ; 10.0       ; x86_64         ;
; EDA Netlist Writer   ; p300689          ; Windows 10 ; 10.0       ; x86_64         ;
+----------------------+------------------+------------+------------+----------------+


------------
; Flow Log ;
------------
quartus_map --read_settings_files=on --write_settings_files=off cpu -c cpu
quartus_fit --read_settings_files=off --write_settings_files=off cpu -c cpu
quartus_asm --read_settings_files=off --write_settings_files=off cpu -c cpu
quartus_sta cpu -c cpu
quartus_eda --read_settings_files=off --write_settings_files=off cpu -c cpu
quartus_eda --gen_testbench --tool=modelsim_oem --format=vhdl --write_settings_files=off cpu -c cpu --vector_source=C:/Users/18189084/Downloads/CPU-VHDL-master/cpuv1/Waveform3.vwf --testbench_file=C:/Users/18189084/Downloads/CPU-VHDL-master/cpuv1/simulation/modelsim/Waveform3.vwf.vht
quartus_eda --gen_testbench --tool=modelsim_oem --format=vhdl --write_settings_files=off cpu -c cpu --vector_source=C:/Users/18189084/Downloads/CPU-VHDL-master/cpuv1/Waveform3.vwf --testbench_file=C:/Users/18189084/Downloads/CPU-VHDL-master/cpuv1/simulation/qsim/Waveform3.vwf.vht
quartus_eda --write_settings_files=off --simulation=on --functional=on --flatten_buses=off --tool=modelsim_oem --format=vhdl --output_directory=C:/Users/18189084/Downloads/CPU-VHDL-master/cpuv1/simulation/qsim/ cpu -c cpu
quartus_eda --gen_testbench --tool=modelsim_oem --format=vhdl --write_settings_files=off cpu -c cpu --vector_source=C:/Users/18189084/Downloads/CPU-VHDL-master/cpuv1/Waveform3.vwf --testbench_file=C:/Users/18189084/Downloads/CPU-VHDL-master/cpuv1/simulation/modelsim/Waveform3.vwf.vht
quartus_eda --gen_testbench --tool=modelsim_oem --format=vhdl --write_settings_files=off cpu -c cpu --vector_source=C:/Users/18189084/Downloads/CPU-VHDL-master/cpuv1/Waveform3.vwf --testbench_file=C:/Users/18189084/Downloads/CPU-VHDL-master/cpuv1/simulation/qsim/Waveform3.vwf.vht
quartus_eda --write_settings_files=off --simulation=on --functional=on --flatten_buses=off --tool=modelsim_oem --format=vhdl --output_directory=C:/Users/18189084/Downloads/CPU-VHDL-master/cpuv1/simulation/qsim/ cpu -c cpu
quartus_eda --gen_testbench --tool=modelsim_oem --format=vhdl --write_settings_files=off cpu -c cpu --vector_source=C:/Users/18189084/Downloads/CPU-VHDL-master/cpuv1/Waveform3.vwf --testbench_file=C:/Users/18189084/Downloads/CPU-VHDL-master/cpuv1/simulation/modelsim/Waveform3.vwf.vht
quartus_eda --gen_testbench --tool=modelsim_oem --format=vhdl --write_settings_files=off cpu -c cpu --vector_source=C:/Users/18189084/Downloads/CPU-VHDL-master/cpuv1/Waveform3.vwf --testbench_file=C:/Users/18189084/Downloads/CPU-VHDL-master/cpuv1/simulation/qsim/Waveform3.vwf.vht
quartus_eda --write_settings_files=off --simulation=on --functional=on --flatten_buses=off --tool=modelsim_oem --format=vhdl --output_directory=C:/Users/18189084/Downloads/CPU-VHDL-master/cpuv1/simulation/qsim/ cpu -c cpu
quartus_eda --gen_testbench --tool=modelsim_oem --format=vhdl --write_settings_files=off cpu -c cpu --vector_source=C:/Users/18189084/Downloads/CPU-VHDL-master/cpuv1/Waveform3.vwf --testbench_file=C:/Users/18189084/Downloads/CPU-VHDL-master/cpuv1/simulation/modelsim/Waveform3.vwf.vht
quartus_eda --gen_testbench --tool=modelsim_oem --format=vhdl --write_settings_files=off cpu -c cpu --vector_source=C:/Users/18189084/Downloads/CPU-VHDL-master/cpuv1/Waveform3.vwf --testbench_file=C:/Users/18189084/Downloads/CPU-VHDL-master/cpuv1/simulation/qsim/Waveform3.vwf.vht
quartus_eda --write_settings_files=off --simulation=on --functional=on --flatten_buses=off --tool=modelsim_oem --format=vhdl --output_directory=C:/Users/18189084/Downloads/CPU-VHDL-master/cpuv1/simulation/qsim/ cpu -c cpu
quartus_eda --gen_testbench --tool=modelsim_oem --format=vhdl --write_settings_files=off cpu -c cpu --vector_source=C:/Users/18189084/Downloads/CPU-VHDL-master/cpuv1/Waveform3.vwf --testbench_file=C:/Users/18189084/Downloads/CPU-VHDL-master/cpuv1/simulation/modelsim/Waveform3.vwf.vht
quartus_eda --gen_testbench --tool=modelsim_oem --format=vhdl --write_settings_files=off cpu -c cpu --vector_source=C:/Users/18189084/Downloads/CPU-VHDL-master/cpuv1/Waveform3.vwf --testbench_file=C:/Users/18189084/Downloads/CPU-VHDL-master/cpuv1/simulation/qsim/Waveform3.vwf.vht
quartus_eda --write_settings_files=off --simulation=on --functional=on --flatten_buses=off --tool=modelsim_oem --format=vhdl --output_directory=C:/Users/18189084/Downloads/CPU-VHDL-master/cpuv1/simulation/qsim/ cpu -c cpu
quartus_eda --gen_testbench --tool=modelsim_oem --format=vhdl --write_settings_files=off cpu -c cpu --vector_source=C:/Users/18189084/Downloads/CPU-VHDL-master/cpuv1/Waveform3.vwf --testbench_file=C:/Users/18189084/Downloads/CPU-VHDL-master/cpuv1/simulation/modelsim/Waveform3.vwf.vht
quartus_eda --gen_testbench --tool=modelsim_oem --format=vhdl --write_settings_files=off cpu -c cpu --vector_source=C:/Users/18189084/Downloads/CPU-VHDL-master/cpuv1/Waveform3.vwf --testbench_file=C:/Users/18189084/Downloads/CPU-VHDL-master/cpuv1/simulation/qsim/Waveform3.vwf.vht
quartus_eda --write_settings_files=off --simulation=on --functional=on --flatten_buses=off --tool=modelsim_oem --format=vhdl --output_directory=C:/Users/18189084/Downloads/CPU-VHDL-master/cpuv1/simulation/qsim/ cpu -c cpu
quartus_eda --gen_testbench --tool=modelsim_oem --format=vhdl --write_settings_files=off cpu -c cpu --vector_source=C:/Users/18189084/Downloads/CPU-VHDL-master/cpuv1/Waveform3.vwf --testbench_file=C:/Users/18189084/Downloads/CPU-VHDL-master/cpuv1/simulation/modelsim/Waveform3.vwf.vht
quartus_eda --gen_testbench --tool=modelsim_oem --format=vhdl --write_settings_files=off cpu -c cpu --vector_source=C:/Users/18189084/Downloads/CPU-VHDL-master/cpuv1/Waveform3.vwf --testbench_file=C:/Users/18189084/Downloads/CPU-VHDL-master/cpuv1/simulation/qsim/Waveform3.vwf.vht
quartus_eda --write_settings_files=off --simulation=on --functional=on --flatten_buses=off --tool=modelsim_oem --format=vhdl --output_directory=C:/Users/18189084/Downloads/CPU-VHDL-master/cpuv1/simulation/qsim/ cpu -c cpu
quartus_eda --gen_testbench --tool=modelsim_oem --format=vhdl --write_settings_files=off cpu -c cpu --vector_source=C:/Users/18189084/Downloads/CPU-VHDL-master/cpuv1/Waveform3.vwf --testbench_file=C:/Users/18189084/Downloads/CPU-VHDL-master/cpuv1/simulation/modelsim/Waveform3.vwf.vht
quartus_eda --gen_testbench --tool=modelsim_oem --format=vhdl --write_settings_files=off cpu -c cpu --vector_source=C:/Users/18189084/Downloads/CPU-VHDL-master/cpuv1/Waveform3.vwf --testbench_file=C:/Users/18189084/Downloads/CPU-VHDL-master/cpuv1/simulation/qsim/Waveform3.vwf.vht
quartus_eda --write_settings_files=off --simulation=on --functional=on --flatten_buses=off --tool=modelsim_oem --format=vhdl --output_directory=C:/Users/18189084/Downloads/CPU-VHDL-master/cpuv1/simulation/qsim/ cpu -c cpu
quartus_eda --gen_testbench --tool=modelsim_oem --format=vhdl --write_settings_files=off cpu -c cpu --vector_source=C:/Users/18189084/Downloads/CPU-VHDL-master/cpuv1/Waveform3.vwf --testbench_file=C:/Users/18189084/Downloads/CPU-VHDL-master/cpuv1/simulation/modelsim/Waveform3.vwf.vht
quartus_eda --gen_testbench --tool=modelsim_oem --format=vhdl --write_settings_files=off cpu -c cpu --vector_source=C:/Users/18189084/Downloads/CPU-VHDL-master/cpuv1/Waveform3.vwf --testbench_file=C:/Users/18189084/Downloads/CPU-VHDL-master/cpuv1/simulation/qsim/Waveform3.vwf.vht
quartus_eda --write_settings_files=off --simulation=on --functional=on --flatten_buses=off --tool=modelsim_oem --format=vhdl --output_directory=C:/Users/18189084/Downloads/CPU-VHDL-master/cpuv1/simulation/qsim/ cpu -c cpu
quartus_eda --gen_testbench --tool=modelsim_oem --format=vhdl --write_settings_files=off cpu -c cpu --vector_source=C:/Users/18189084/Downloads/CPU-VHDL-master/cpuv1/Waveform3.vwf --testbench_file=C:/Users/18189084/Downloads/CPU-VHDL-master/cpuv1/simulation/modelsim/Waveform3.vwf.vht
quartus_eda --gen_testbench --tool=modelsim_oem --format=vhdl --write_settings_files=off cpu -c cpu --vector_source=C:/Users/18189084/Downloads/CPU-VHDL-master/cpuv1/Waveform3.vwf --testbench_file=C:/Users/18189084/Downloads/CPU-VHDL-master/cpuv1/simulation/qsim/Waveform3.vwf.vht
quartus_eda --write_settings_files=off --simulation=on --functional=on --flatten_buses=off --tool=modelsim_oem --format=vhdl --output_directory=C:/Users/18189084/Downloads/CPU-VHDL-master/cpuv1/simulation/qsim/ cpu -c cpu
quartus_eda --gen_testbench --tool=modelsim_oem --format=vhdl --write_settings_files=off cpu -c cpu --vector_source=C:/Users/18189084/Downloads/CPU-VHDL-master/cpuv1/Waveform3.vwf --testbench_file=C:/Users/18189084/Downloads/CPU-VHDL-master/cpuv1/simulation/modelsim/Waveform3.vwf.vht
quartus_eda --gen_testbench --tool=modelsim_oem --format=vhdl --write_settings_files=off cpu -c cpu --vector_source=C:/Users/18189084/Downloads/CPU-VHDL-master/cpuv1/Waveform3.vwf --testbench_file=C:/Users/18189084/Downloads/CPU-VHDL-master/cpuv1/simulation/qsim/Waveform3.vwf.vht
quartus_eda --write_settings_files=off --simulation=on --functional=on --flatten_buses=off --tool=modelsim_oem --format=vhdl --output_directory=C:/Users/18189084/Downloads/CPU-VHDL-master/cpuv1/simulation/qsim/ cpu -c cpu
quartus_eda --gen_testbench --tool=modelsim_oem --format=vhdl --write_settings_files=off cpu -c cpu --vector_source=C:/Users/18189084/Downloads/CPU-VHDL-master/cpuv1/Waveform3.vwf --testbench_file=C:/Users/18189084/Downloads/CPU-VHDL-master/cpuv1/simulation/modelsim/Waveform3.vwf.vht
quartus_eda --gen_testbench --tool=modelsim_oem --format=vhdl --write_settings_files=off cpu -c cpu --vector_source=C:/Users/18189084/Downloads/CPU-VHDL-master/cpuv1/Waveform3.vwf --testbench_file=C:/Users/18189084/Downloads/CPU-VHDL-master/cpuv1/simulation/qsim/Waveform3.vwf.vht
quartus_eda --write_settings_files=off --simulation=on --functional=on --flatten_buses=off --tool=modelsim_oem --format=vhdl --output_directory=C:/Users/18189084/Downloads/CPU-VHDL-master/cpuv1/simulation/qsim/ cpu -c cpu
quartus_eda --gen_testbench --tool=modelsim_oem --format=vhdl --write_settings_files=off cpu -c cpu --vector_source=C:/Users/18189084/Downloads/CPU-VHDL-master/cpuv1/Waveform3.vwf --testbench_file=C:/Users/18189084/Downloads/CPU-VHDL-master/cpuv1/simulation/modelsim/Waveform3.vwf.vht
quartus_eda --gen_testbench --tool=modelsim_oem --format=vhdl --write_settings_files=off cpu -c cpu --vector_source=C:/Users/18189084/Downloads/CPU-VHDL-master/cpuv1/Waveform3.vwf --testbench_file=C:/Users/18189084/Downloads/CPU-VHDL-master/cpuv1/simulation/qsim/Waveform3.vwf.vht
quartus_eda --write_settings_files=off --simulation=on --functional=on --flatten_buses=off --tool=modelsim_oem --format=vhdl --output_directory=C:/Users/18189084/Downloads/CPU-VHDL-master/cpuv1/simulation/qsim/ cpu -c cpu
quartus_eda --gen_testbench --tool=modelsim_oem --format=vhdl --write_settings_files=off cpu -c cpu --vector_source=C:/Users/18189084/Downloads/CPU-VHDL-master/cpuv1/Waveform3.vwf --testbench_file=C:/Users/18189084/Downloads/CPU-VHDL-master/cpuv1/simulation/modelsim/Waveform3.vwf.vht
quartus_eda --gen_testbench --tool=modelsim_oem --format=vhdl --write_settings_files=off cpu -c cpu --vector_source=C:/Users/18189084/Downloads/CPU-VHDL-master/cpuv1/Waveform3.vwf --testbench_file=C:/Users/18189084/Downloads/CPU-VHDL-master/cpuv1/simulation/qsim/Waveform3.vwf.vht
quartus_eda --write_settings_files=off --simulation=on --functional=on --flatten_buses=off --tool=modelsim_oem --format=vhdl --output_directory=C:/Users/18189084/Downloads/CPU-VHDL-master/cpuv1/simulation/qsim/ cpu -c cpu
quartus_eda --gen_testbench --tool=modelsim_oem --format=vhdl --write_settings_files=off cpu -c cpu --vector_source=C:/Users/18189084/Downloads/CPU-VHDL-master/cpuv1/Waveform3.vwf --testbench_file=C:/Users/18189084/Downloads/CPU-VHDL-master/cpuv1/simulation/modelsim/Waveform3.vwf.vht
quartus_eda --gen_testbench --tool=modelsim_oem --format=vhdl --write_settings_files=off cpu -c cpu --vector_source=C:/Users/18189084/Downloads/CPU-VHDL-master/cpuv1/Waveform3.vwf --testbench_file=C:/Users/18189084/Downloads/CPU-VHDL-master/cpuv1/simulation/qsim/Waveform3.vwf.vht
quartus_eda --write_settings_files=off --simulation=on --functional=on --flatten_buses=off --tool=modelsim_oem --format=vhdl --output_directory=C:/Users/18189084/Downloads/CPU-VHDL-master/cpuv1/simulation/qsim/ cpu -c cpu
quartus_eda --gen_testbench --tool=modelsim_oem --format=vhdl --write_settings_files=off cpu -c cpu --vector_source=C:/Users/18189084/Downloads/CPU-VHDL-master/cpuv1/Waveform3.vwf --testbench_file=C:/Users/18189084/Downloads/CPU-VHDL-master/cpuv1/simulation/modelsim/Waveform3.vwf.vht
quartus_eda --gen_testbench --tool=modelsim_oem --format=vhdl --write_settings_files=off cpu -c cpu --vector_source=C:/Users/18189084/Downloads/CPU-VHDL-master/cpuv1/Waveform3.vwf --testbench_file=C:/Users/18189084/Downloads/CPU-VHDL-master/cpuv1/simulation/qsim/Waveform3.vwf.vht
quartus_eda --write_settings_files=off --simulation=on --functional=on --flatten_buses=off --tool=modelsim_oem --format=vhdl --output_directory=C:/Users/18189084/Downloads/CPU-VHDL-master/cpuv1/simulation/qsim/ cpu -c cpu
quartus_eda --gen_testbench --tool=modelsim_oem --format=vhdl --write_settings_files=off cpu -c cpu --vector_source=C:/Users/18189084/Downloads/CPU-VHDL-master/cpuv1/Waveform3.vwf --testbench_file=C:/Users/18189084/Downloads/CPU-VHDL-master/cpuv1/simulation/modelsim/Waveform3.vwf.vht
quartus_eda --gen_testbench --tool=modelsim_oem --format=vhdl --write_settings_files=off cpu -c cpu --vector_source=C:/Users/18189084/Downloads/CPU-VHDL-master/cpuv1/Waveform3.vwf --testbench_file=C:/Users/18189084/Downloads/CPU-VHDL-master/cpuv1/simulation/qsim/Waveform3.vwf.vht
quartus_eda --write_settings_files=off --simulation=on --functional=on --flatten_buses=off --tool=modelsim_oem --format=vhdl --output_directory=C:/Users/18189084/Downloads/CPU-VHDL-master/cpuv1/simulation/qsim/ cpu -c cpu
quartus_eda --gen_testbench --tool=modelsim_oem --format=vhdl --write_settings_files=off cpu -c cpu --vector_source=C:/Users/18189084/Downloads/CPU-VHDL-master/cpuv1/Waveform3.vwf --testbench_file=C:/Users/18189084/Downloads/CPU-VHDL-master/cpuv1/simulation/modelsim/Waveform3.vwf.vht
quartus_eda --gen_testbench --tool=modelsim_oem --format=vhdl --write_settings_files=off cpu -c cpu --vector_source=C:/Users/18189084/Downloads/CPU-VHDL-master/cpuv1/Waveform3.vwf --testbench_file=C:/Users/18189084/Downloads/CPU-VHDL-master/cpuv1/simulation/qsim/Waveform3.vwf.vht
quartus_eda --write_settings_files=off --simulation=on --functional=on --flatten_buses=off --tool=modelsim_oem --format=vhdl --output_directory=C:/Users/18189084/Downloads/CPU-VHDL-master/cpuv1/simulation/qsim/ cpu -c cpu
quartus_eda --gen_testbench --tool=modelsim_oem --format=vhdl --write_settings_files=off cpu -c cpu --vector_source=C:/Users/18189084/Downloads/CPU-VHDL-master/cpuv1/Waveform3.vwf --testbench_file=C:/Users/18189084/Downloads/CPU-VHDL-master/cpuv1/simulation/modelsim/Waveform3.vwf.vht
quartus_eda --gen_testbench --tool=modelsim_oem --format=vhdl --write_settings_files=off cpu -c cpu --vector_source=C:/Users/18189084/Downloads/CPU-VHDL-master/cpuv1/Waveform3.vwf --testbench_file=C:/Users/18189084/Downloads/CPU-VHDL-master/cpuv1/simulation/qsim/Waveform3.vwf.vht
quartus_eda --write_settings_files=off --simulation=on --functional=on --flatten_buses=off --tool=modelsim_oem --format=vhdl --output_directory=C:/Users/18189084/Downloads/CPU-VHDL-master/cpuv1/simulation/qsim/ cpu -c cpu



